<?xml version="1.0" encoding="UTF-8"?>
<testng-results total="1" passed="1" failed="0" skipped="0">
  <reporter-output>
  </reporter-output>
  <suite started-at="2024-01-06T08:09:45Z" name="Default suite" finished-at="2024-01-06T08:09:59Z" duration-ms="14247">
    <groups>
    </groups>
    <test started-at="2024-01-06T08:09:45Z" name="Default test" finished-at="2024-01-06T08:09:59Z" duration-ms="14247">
      <class name="mukul.apk.LongPress_2">
        <test-method is-config="true" signature="configureAppium()[pri:0, instance:mukul.apk.LongPress_2@632ceb35]" started-at="2024-01-06T13:39:45Z" name="configureAppium" finished-at="2024-01-06T13:39:50Z" duration-ms="4646" status="PASS">
          <reporter-output>
          </reporter-output>
        </test-method> <!-- configureAppium -->
        <test-method signature="LongPress()[pri:0, instance:mukul.apk.LongPress_2@632ceb35]" started-at="2024-01-06T13:39:50Z" name="LongPress" finished-at="2024-01-06T13:39:59Z" duration-ms="9251" status="PASS">
          <reporter-output>
          </reporter-output>
        </test-method> <!-- LongPress -->
        <test-method is-config="true" signature="teardown()[pri:0, instance:mukul.apk.LongPress_2@632ceb35]" started-at="2024-01-06T13:39:59Z" name="teardown" finished-at="2024-01-06T13:39:59Z" duration-ms="328" status="PASS">
          <reporter-output>
          </reporter-output>
        </test-method> <!-- teardown -->
      </class> <!-- mukul.apk.LongPress_2 -->
    </test> <!-- Default test -->
  </suite> <!-- Default suite -->
</testng-results>
